1689793291.279685 client started (13743): version 3.2a, socket /tmp/tmux-1001/default, protocol 8
1689793291.279715 on Linux 5.14.0-1027-oem #30-Ubuntu SMP Mon Mar 7 15:00:29 UTC 2022
1689793291.279721 using libevent 2.1.12-stable (poll); ncurses 6.3
1689793291.279738 flags are 0x18010000
1689793291.279741 socket is /tmp/tmux-1001/default
1689793291.279753 trying connect
1689793291.279768 connect failed: Connection refused
1689793291.279779 lock file is /tmp/tmux-1001/default.lock
1689793291.279807 flock succeeded
1689793291.279810 got lock (6)
1689793291.279815 trying connect
1689793291.279822 connect failed: Connection refused
1689793291.280032 add peer 0x55586e237960: 7 ((nil))
1689793291.280469 sending message 100 to peer 0x55586e237960 (4 bytes)
1689793291.280477 sending message 111 to peer 0x55586e237960 (8 bytes)
1689793291.280482 sending message 101 to peer 0x55586e237960 (15 bytes)
1689793291.280486 sending message 109 to peer 0x55586e237960 (4 bytes)
1689793291.280490 sending message 102 to peer 0x55586e237960 (11 bytes)
1689793291.280494 sending message 108 to peer 0x55586e237960 (28 bytes)
1689793291.280499 sending message 112 to peer 0x55586e237960 (58 bytes)
1689793291.280503 sending message 112 to peer 0x55586e237960 (5 bytes)
1689793291.280507 sending message 112 to peer 0x55586e237960 (5 bytes)
1689793291.280511 sending message 112 to peer 0x55586e237960 (6 bytes)
1689793291.280514 sending message 112 to peer 0x55586e237960 (6 bytes)
1689793291.280518 sending message 112 to peer 0x55586e237960 (11 bytes)
1689793291.280521 sending message 112 to peer 0x55586e237960 (10 bytes)
1689793291.280525 sending message 112 to peer 0x55586e237960 (13 bytes)
1689793291.280528 sending message 112 to peer 0x55586e237960 (14 bytes)
1689793291.280532 sending message 112 to peer 0x55586e237960 (19 bytes)
1689793291.280535 sending message 112 to peer 0x55586e237960 (11 bytes)
1689793291.280539 sending message 112 to peer 0x55586e237960 (10 bytes)
1689793291.280542 sending message 112 to peer 0x55586e237960 (15 bytes)
1689793291.280546 sending message 112 to peer 0x55586e237960 (21 bytes)
1689793291.280550 sending message 112 to peer 0x55586e237960 (13 bytes)
1689793291.280554 sending message 112 to peer 0x55586e237960 (7 bytes)
1689793291.280557 sending message 112 to peer 0x55586e237960 (13 bytes)
1689793291.280561 sending message 112 to peer 0x55586e237960 (7 bytes)
1689793291.280565 sending message 112 to peer 0x55586e237960 (13 bytes)
1689793291.280570 sending message 112 to peer 0x55586e237960 (9 bytes)
1689793291.280573 sending message 112 to peer 0x55586e237960 (21 bytes)
1689793291.280576 sending message 112 to peer 0x55586e237960 (13 bytes)
1689793291.280580 sending message 112 to peer 0x55586e237960 (9 bytes)
1689793291.280583 sending message 112 to peer 0x55586e237960 (16 bytes)
1689793291.280587 sending message 112 to peer 0x55586e237960 (13 bytes)
1689793291.280590 sending message 112 to peer 0x55586e237960 (9 bytes)
1689793291.280594 sending message 112 to peer 0x55586e237960 (9 bytes)
1689793291.280597 sending message 112 to peer 0x55586e237960 (12 bytes)
1689793291.280600 sending message 112 to peer 0x55586e237960 (8 bytes)
1689793291.280604 sending message 112 to peer 0x55586e237960 (8 bytes)
1689793291.280607 sending message 112 to peer 0x55586e237960 (13 bytes)
1689793291.280610 sending message 112 to peer 0x55586e237960 (7 bytes)
1689793291.280614 sending message 112 to peer 0x55586e237960 (7 bytes)
1689793291.280617 sending message 112 to peer 0x55586e237960 (9 bytes)
1689793291.280620 sending message 112 to peer 0x55586e237960 (9 bytes)
1689793291.280624 sending message 112 to peer 0x55586e237960 (15 bytes)
1689793291.280628 sending message 112 to peer 0x55586e237960 (13 bytes)
1689793291.280631 sending message 112 to peer 0x55586e237960 (12 bytes)
1689793291.280634 sending message 112 to peer 0x55586e237960 (8 bytes)
1689793291.280638 sending message 112 to peer 0x55586e237960 (14 bytes)
1689793291.280641 sending message 112 to peer 0x55586e237960 (11 bytes)
1689793291.280644 sending message 112 to peer 0x55586e237960 (9 bytes)
1689793291.280657 sending message 112 to peer 0x55586e237960 (10 bytes)
1689793291.280661 sending message 112 to peer 0x55586e237960 (10 bytes)
1689793291.280665 sending message 112 to peer 0x55586e237960 (10 bytes)
1689793291.280669 sending message 112 to peer 0x55586e237960 (10 bytes)
1689793291.280673 sending message 112 to peer 0x55586e237960 (11 bytes)
1689793291.280677 sending message 112 to peer 0x55586e237960 (12 bytes)
1689793291.280681 sending message 112 to peer 0x55586e237960 (12 bytes)
1689793291.280685 sending message 112 to peer 0x55586e237960 (12 bytes)
1689793291.280688 sending message 112 to peer 0x55586e237960 (12 bytes)
1689793291.280692 sending message 112 to peer 0x55586e237960 (12 bytes)
1689793291.280696 sending message 112 to peer 0x55586e237960 (11 bytes)
1689793291.280700 sending message 112 to peer 0x55586e237960 (11 bytes)
1689793291.280704 sending message 112 to peer 0x55586e237960 (12 bytes)
1689793291.280708 sending message 112 to peer 0x55586e237960 (12 bytes)
1689793291.280711 sending message 112 to peer 0x55586e237960 (12 bytes)
1689793291.280715 sending message 112 to peer 0x55586e237960 (12 bytes)
1689793291.280719 sending message 112 to peer 0x55586e237960 (12 bytes)
1689793291.280723 sending message 112 to peer 0x55586e237960 (9 bytes)
1689793291.280726 sending message 112 to peer 0x55586e237960 (12 bytes)
1689793291.280730 sending message 112 to peer 0x55586e237960 (13 bytes)
1689793291.280734 sending message 112 to peer 0x55586e237960 (13 bytes)
1689793291.280738 sending message 112 to peer 0x55586e237960 (13 bytes)
1689793291.280742 sending message 112 to peer 0x55586e237960 (13 bytes)
1689793291.280746 sending message 112 to peer 0x55586e237960 (13 bytes)
1689793291.280749 sending message 112 to peer 0x55586e237960 (8 bytes)
1689793291.280754 sending message 112 to peer 0x55586e237960 (11 bytes)
1689793291.280757 sending message 112 to peer 0x55586e237960 (11 bytes)
1689793291.280761 sending message 112 to peer 0x55586e237960 (11 bytes)
1689793291.280765 sending message 112 to peer 0x55586e237960 (12 bytes)
1689793291.280768 sending message 112 to peer 0x55586e237960 (12 bytes)
1689793291.280772 sending message 112 to peer 0x55586e237960 (12 bytes)
1689793291.280776 sending message 112 to peer 0x55586e237960 (12 bytes)
1689793291.280780 sending message 112 to peer 0x55586e237960 (13 bytes)
1689793291.280784 sending message 112 to peer 0x55586e237960 (13 bytes)
1689793291.280788 sending message 112 to peer 0x55586e237960 (13 bytes)
1689793291.280792 sending message 112 to peer 0x55586e237960 (8 bytes)
1689793291.280796 sending message 112 to peer 0x55586e237960 (13 bytes)
1689793291.280800 sending message 112 to peer 0x55586e237960 (13 bytes)
1689793291.280804 sending message 112 to peer 0x55586e237960 (13 bytes)
1689793291.280808 sending message 112 to peer 0x55586e237960 (13 bytes)
1689793291.280811 sending message 112 to peer 0x55586e237960 (13 bytes)
1689793291.280816 sending message 112 to peer 0x55586e237960 (12 bytes)
1689793291.280819 sending message 112 to peer 0x55586e237960 (12 bytes)
1689793291.280823 sending message 112 to peer 0x55586e237960 (12 bytes)
1689793291.280826 sending message 112 to peer 0x55586e237960 (12 bytes)
1689793291.280830 sending message 112 to peer 0x55586e237960 (13 bytes)
1689793291.280833 sending message 112 to peer 0x55586e237960 (8 bytes)
1689793291.280837 sending message 112 to peer 0x55586e237960 (13 bytes)
1689793291.280841 sending message 112 to peer 0x55586e237960 (13 bytes)
1689793291.280844 sending message 112 to peer 0x55586e237960 (13 bytes)
1689793291.280848 sending message 112 to peer 0x55586e237960 (13 bytes)
1689793291.280851 sending message 112 to peer 0x55586e237960 (13 bytes)
1689793291.280854 sending message 112 to peer 0x55586e237960 (13 bytes)
1689793291.280858 sending message 112 to peer 0x55586e237960 (13 bytes)
1689793291.280861 sending message 112 to peer 0x55586e237960 (12 bytes)
1689793291.280865 sending message 112 to peer 0x55586e237960 (12 bytes)
1689793291.280868 sending message 112 to peer 0x55586e237960 (12 bytes)
1689793291.280876 sending message 112 to peer 0x55586e237960 (8 bytes)
1689793291.280879 sending message 112 to peer 0x55586e237960 (12 bytes)
1689793291.280882 sending message 112 to peer 0x55586e237960 (13 bytes)
1689793291.280886 sending message 112 to peer 0x55586e237960 (13 bytes)
1689793291.280889 sending message 112 to peer 0x55586e237960 (13 bytes)
1689793291.280893 sending message 112 to peer 0x55586e237960 (13 bytes)
1689793291.280896 sending message 112 to peer 0x55586e237960 (13 bytes)
1689793291.280900 sending message 112 to peer 0x55586e237960 (13 bytes)
1689793291.280903 sending message 112 to peer 0x55586e237960 (13 bytes)
1689793291.280906 sending message 112 to peer 0x55586e237960 (13 bytes)
1689793291.280910 sending message 112 to peer 0x55586e237960 (12 bytes)
1689793291.280913 sending message 112 to peer 0x55586e237960 (10 bytes)
1689793291.280917 sending message 112 to peer 0x55586e237960 (12 bytes)
1689793291.280920 sending message 112 to peer 0x55586e237960 (12 bytes)
1689793291.280924 sending message 112 to peer 0x55586e237960 (12 bytes)
1689793291.280927 sending message 112 to peer 0x55586e237960 (13 bytes)
1689793291.280931 sending message 112 to peer 0x55586e237960 (13 bytes)
1689793291.280934 sending message 112 to peer 0x55586e237960 (13 bytes)
1689793291.280937 sending message 112 to peer 0x55586e237960 (13 bytes)
1689793291.280941 sending message 112 to peer 0x55586e237960 (13 bytes)
1689793291.280945 sending message 112 to peer 0x55586e237960 (13 bytes)
1689793291.280948 sending message 112 to peer 0x55586e237960 (13 bytes)
1689793291.280952 sending message 112 to peer 0x55586e237960 (10 bytes)
1689793291.280955 sending message 112 to peer 0x55586e237960 (13 bytes)
1689793291.280959 sending message 112 to peer 0x55586e237960 (12 bytes)
1689793291.280963 sending message 112 to peer 0x55586e237960 (12 bytes)
1689793291.280966 sending message 112 to peer 0x55586e237960 (12 bytes)
1689793291.280970 sending message 112 to peer 0x55586e237960 (10 bytes)
1689793291.280973 sending message 112 to peer 0x55586e237960 (10 bytes)
1689793291.280977 sending message 112 to peer 0x55586e237960 (10 bytes)
1689793291.280980 sending message 112 to peer 0x55586e237960 (12 bytes)
1689793291.280983 sending message 112 to peer 0x55586e237960 (13 bytes)
1689793291.280987 sending message 112 to peer 0x55586e237960 (13 bytes)
1689793291.280990 sending message 112 to peer 0x55586e237960 (13 bytes)
1689793291.280994 sending message 112 to peer 0x55586e237960 (13 bytes)
1689793291.280997 sending message 112 to peer 0x55586e237960 (13 bytes)
1689793291.281001 sending message 112 to peer 0x55586e237960 (10 bytes)
1689793291.281005 sending message 112 to peer 0x55586e237960 (11 bytes)
1689793291.281008 sending message 112 to peer 0x55586e237960 (12 bytes)
1689793291.281011 sending message 112 to peer 0x55586e237960 (12 bytes)
1689793291.281015 sending message 112 to peer 0x55586e237960 (12 bytes)
1689793291.281018 sending message 112 to peer 0x55586e237960 (12 bytes)
1689793291.281021 sending message 112 to peer 0x55586e237960 (12 bytes)
1689793291.281025 sending message 112 to peer 0x55586e237960 (11 bytes)
1689793291.281028 sending message 112 to peer 0x55586e237960 (12 bytes)
1689793291.281031 sending message 112 to peer 0x55586e237960 (12 bytes)
1689793291.281035 sending message 112 to peer 0x55586e237960 (13 bytes)
1689793291.281038 sending message 112 to peer 0x55586e237960 (13 bytes)
1689793291.281042 sending message 112 to peer 0x55586e237960 (13 bytes)
1689793291.281045 sending message 112 to peer 0x55586e237960 (13 bytes)
1689793291.281048 sending message 112 to peer 0x55586e237960 (13 bytes)
1689793291.281052 sending message 112 to peer 0x55586e237960 (10 bytes)
1689793291.281055 sending message 112 to peer 0x55586e237960 (9 bytes)
1689793291.281058 sending message 112 to peer 0x55586e237960 (12 bytes)
1689793291.281062 sending message 112 to peer 0x55586e237960 (13 bytes)
1689793291.281065 sending message 112 to peer 0x55586e237960 (13 bytes)
1689793291.281069 sending message 112 to peer 0x55586e237960 (13 bytes)
1689793291.281075 sending message 112 to peer 0x55586e237960 (13 bytes)
1689793291.281078 sending message 112 to peer 0x55586e237960 (13 bytes)
1689793291.281082 sending message 112 to peer 0x55586e237960 (9 bytes)
1689793291.281085 sending message 112 to peer 0x55586e237960 (12 bytes)
1689793291.281089 sending message 112 to peer 0x55586e237960 (13 bytes)
1689793291.281092 sending message 112 to peer 0x55586e237960 (13 bytes)
1689793291.281095 sending message 112 to peer 0x55586e237960 (13 bytes)
1689793291.281099 sending message 112 to peer 0x55586e237960 (13 bytes)
1689793291.281102 sending message 112 to peer 0x55586e237960 (13 bytes)
1689793291.281108 sending message 112 to peer 0x55586e237960 (11 bytes)
1689793291.281111 sending message 112 to peer 0x55586e237960 (12 bytes)
1689793291.281115 sending message 112 to peer 0x55586e237960 (13 bytes)
1689793291.281118 sending message 112 to peer 0x55586e237960 (13 bytes)
1689793291.281121 sending message 112 to peer 0x55586e237960 (13 bytes)
1689793291.281125 sending message 112 to peer 0x55586e237960 (13 bytes)
1689793291.281128 sending message 112 to peer 0x55586e237960 (13 bytes)
1689793291.281131 sending message 112 to peer 0x55586e237960 (11 bytes)
1689793291.281134 sending message 112 to peer 0x55586e237960 (12 bytes)
1689793291.281138 sending message 112 to peer 0x55586e237960 (12 bytes)
1689793291.281141 sending message 112 to peer 0x55586e237960 (12 bytes)
1689793291.281144 sending message 112 to peer 0x55586e237960 (12 bytes)
1689793291.281147 sending message 112 to peer 0x55586e237960 (12 bytes)
1689793291.281150 sending message 112 to peer 0x55586e237960 (21 bytes)
1689793291.281153 sending message 112 to peer 0x55586e237960 (12 bytes)
1689793291.281157 sending message 112 to peer 0x55586e237960 (9 bytes)
1689793291.281162 sending message 112 to peer 0x55586e237960 (6 bytes)
1689793291.281165 sending message 112 to peer 0x55586e237960 (13 bytes)
1689793291.281169 sending message 112 to peer 0x55586e237960 (10 bytes)
1689793291.281172 sending message 112 to peer 0x55586e237960 (24 bytes)
1689793291.281175 sending message 112 to peer 0x55586e237960 (13 bytes)
1689793291.281179 sending message 112 to peer 0x55586e237960 (9 bytes)
1689793291.281182 sending message 112 to peer 0x55586e237960 (70 bytes)
1689793291.281186 sending message 112 to peer 0x55586e237960 (69 bytes)
1689793291.281189 sending message 112 to peer 0x55586e237960 (12 bytes)
1689793291.281192 sending message 112 to peer 0x55586e237960 (10 bytes)
1689793291.281196 sending message 112 to peer 0x55586e237960 (10 bytes)
1689793291.281199 sending message 112 to peer 0x55586e237960 (24 bytes)
1689793291.281202 sending message 112 to peer 0x55586e237960 (13 bytes)
1689793291.281205 sending message 112 to peer 0x55586e237960 (10 bytes)
1689793291.281209 sending message 112 to peer 0x55586e237960 (10 bytes)
1689793291.281212 sending message 112 to peer 0x55586e237960 (10 bytes)
1689793291.281217 sending message 112 to peer 0x55586e237960 (13 bytes)
1689793291.281220 sending message 112 to peer 0x55586e237960 (15 bytes)
1689793291.281223 sending message 112 to peer 0x55586e237960 (5 bytes)
1689793291.281228 sending message 104 to peer 0x55586e237960 (0 bytes)
1689793291.281231 sending message 110 to peer 0x55586e237960 (0 bytes)
1689793291.281235 sending message 107 to peer 0x55586e237960 (4 bytes)
1689793291.281239 sending message 105 to peer 0x55586e237960 (22 bytes)
1689793291.281242 sending message 105 to peer 0x55586e237960 (23 bytes)
1689793291.281246 sending message 105 to peer 0x55586e237960 (18 bytes)
1689793291.281249 sending message 105 to peer 0x55586e237960 (86 bytes)
1689793291.281253 sending message 105 to peer 0x55586e237960 (17 bytes)
1689793291.281256 sending message 105 to peer 0x55586e237960 (48 bytes)
1689793291.281259 sending message 105 to peer 0x55586e237960 (26 bytes)
1689793291.281263 sending message 105 to peer 0x55586e237960 (21 bytes)
1689793291.281267 sending message 105 to peer 0x55586e237960 (9 bytes)
1689793291.281270 sending message 105 to peer 0x55586e237960 (15 bytes)
1689793291.281281 sending message 105 to peer 0x55586e237960 (54 bytes)
1689793291.281285 sending message 105 to peer 0x55586e237960 (11 bytes)
1689793291.281288 sending message 105 to peer 0x55586e237960 (15 bytes)
1689793291.281291 sending message 105 to peer 0x55586e237960 (46 bytes)
1689793291.281295 sending message 105 to peer 0x55586e237960 (28 bytes)
1689793291.281299 sending message 105 to peer 0x55586e237960 (143 bytes)
1689793291.281302 sending message 105 to peer 0x55586e237960 (17 bytes)
1689793291.281306 sending message 105 to peer 0x55586e237960 (25 bytes)
1689793291.281309 sending message 105 to peer 0x55586e237960 (19 bytes)
1689793291.281312 sending message 105 to peer 0x55586e237960 (12 bytes)
1689793291.281316 sending message 105 to peer 0x55586e237960 (29 bytes)
1689793291.281319 sending message 105 to peer 0x55586e237960 (245 bytes)
1689793291.281323 sending message 105 to peer 0x55586e237960 (31 bytes)
1689793291.281326 sending message 105 to peer 0x55586e237960 (19 bytes)
1689793291.281331 sending message 105 to peer 0x55586e237960 (17 bytes)
1689793291.281335 sending message 105 to peer 0x55586e237960 (25 bytes)
1689793291.281338 sending message 105 to peer 0x55586e237960 (13 bytes)
1689793291.281341 sending message 105 to peer 0x55586e237960 (20 bytes)
1689793291.281345 sending message 105 to peer 0x55586e237960 (32 bytes)
1689793291.281348 sending message 105 to peer 0x55586e237960 (16 bytes)
1689793291.281351 sending message 105 to peer 0x55586e237960 (20 bytes)
1689793291.281354 sending message 105 to peer 0x55586e237960 (16 bytes)
1689793291.281358 sending message 105 to peer 0x55586e237960 (11 bytes)
1689793291.281361 sending message 105 to peer 0x55586e237960 (8 bytes)
1689793291.281365 sending message 105 to peer 0x55586e237960 (31 bytes)
1689793291.281368 sending message 105 to peer 0x55586e237960 (25 bytes)
1689793291.281372 sending message 105 to peer 0x55586e237960 (12 bytes)
1689793291.281375 sending message 105 to peer 0x55586e237960 (23 bytes)
1689793291.281379 sending message 105 to peer 0x55586e237960 (13 bytes)
1689793291.281382 sending message 105 to peer 0x55586e237960 (23 bytes)
1689793291.281387 sending message 105 to peer 0x55586e237960 (16 bytes)
1689793291.281390 sending message 105 to peer 0x55586e237960 (49 bytes)
1689793291.281394 sending message 105 to peer 0x55586e237960 (58 bytes)
1689793291.281397 sending message 105 to peer 0x55586e237960 (16 bytes)
1689793291.281401 sending message 106 to peer 0x55586e237960 (0 bytes)
1689793291.281408 sending message 200 to peer 0x55586e237960 (4 bytes)
1689793291.281412 client loop enter
1689793291.281461 client_signal: Child exited
1689793291.386554 peer 0x55586e237960 message 207
1689793291.386569 sending message 208 to peer 0x55586e237960 (0 bytes)
1689793295.888177 peer 0x55586e237960 message 203
1689793295.888200 sending message 205 to peer 0x55586e237960 (0 bytes)
1689793295.888772 peer 0x55586e237960 message 204
1689793295.888794 client loop exit
